Run Information
========================
cognizant.intelligent.test.scripter.engine : 1.0
java.runtime.name    : Java(TM) SE Runtime Environment
java.version         : 1.8.0_92
java.home            : C:\Program Files\Java\jre1.8.0_92
os.name              : Windows 7
os.arch              : x86
os.version           : 6.1
file.encoding        : UTF-8
========================
Run Started on Wed Aug 02 07:14:16 EDT 2017
Loading Browser Profile
Loading RunManager
[Scenario:Automobile] [TestCase: InsuredInformation] [Description: Test Run] [Browser: Chrome] [BrowserVersion: default] [Platform: ANY][ExistingBrowser: false]
Initializing Report
ApiLink not available!!
Shutting Down Thread as there is no need for SelectiveThreading
Running Iteration 1
Launching Chrome
Launching Local Driver
Starting ChromeDriver 2.30.477700 (0057494ad8732195794a7b32078424f92a5fce41) on port 38361
Only local connections are allowed.
2017-08-02 07:14:29:08S -0400 [INFO] org.openqa.selenium.remote.ProtocolHandshake createSession:Detected dialect: OSS
Chrome Launched
Step:1   | Object: NewCustomerObject | Action: ClickObjectByFluentWait | Input:  | Conditon:  | @02-Aug-2017 07:14:29.029
2017-08-02 07:14:37:08S -0400 [OFF ] com.cognizant.cognizantits.engine.drivers.AutomationObject getElements:null
org.openqa.selenium.WebDriverException: chrome not reachable
  (Session info: chrome=59.0.3071.104)
  (Driver info: chromedriver=2.30.477700 (0057494ad8732195794a7b32078424f92a5fce41),platform=Windows NT 6.1.7601 SP1 x86) (WARNING: The server did not provide any stacktrace information)
Command duration or timeout: 4.04 seconds
Build info: version: '3.4.0', revision: 'unknown', time: 'unknown'
System info: host: 'A5DAFC-W7A-0011', ip: '10.43.137.79', os.name: 'Windows 7', os.arch: 'x86', os.version: '6.1', java.version: '1.8.0_92'
Driver info: org.openqa.selenium.chrome.ChromeDriver
Capabilities [{applicationCacheEnabled=false, rotatable=false, mobileEmulationEnabled=false, networkConnectionEnabled=false, chrome={chromedriverVersion=2.30.477700 (0057494ad8732195794a7b32078424f92a5fce41), userDataDir=C:\Users\bpstestr\AppData\Local\Temp\scoped_dir5012_4797}, takesHeapSnapshot=true, pageLoadStrategy=normal, databaseEnabled=false, handlesAlerts=true, hasTouchScreen=false, version=59.0.3071.104, platform=XP, browserConnectionEnabled=false, nativeEvents=true, acceptSslCerts=true, locationContextEnabled=true, webStorageEnabled=true, browserName=chrome, takesScreenshot=true, javascriptEnabled=true, cssSelectorsEnabled=true, unexpectedAlertBehaviour=}]
Session ID: 4a8e2aeee967d68c6dae4a0f70d9d7fc
*** Element info: {Using=id, value=select2-chosen-2}
	at sun.reflect.NativeConstructorAccessorImpl.newInstance0(Native Method)
	at sun.reflect.NativeConstructorAccessorImpl.newInstance(Unknown Source)
	at sun.reflect.DelegatingConstructorAccessorImpl.newInstance(Unknown Source)
	at java.lang.reflect.Constructor.newInstance(Unknown Source)
	at org.openqa.selenium.remote.ErrorHandler.createThrowable(ErrorHandler.java:215)
	at org.openqa.selenium.remote.ErrorHandler.throwIfResponseFailed(ErrorHandler.java:167)
	at org.openqa.selenium.remote.RemoteWebDriver.execute(RemoteWebDriver.java:671)
	at org.openqa.selenium.remote.RemoteWebDriver.findElements(RemoteWebDriver.java:437)
	at org.openqa.selenium.remote.RemoteWebDriver.findElementsById(RemoteWebDriver.java:457)
	at org.openqa.selenium.By$ById.findElements(By.java:210)
	at org.openqa.selenium.remote.RemoteWebDriver.findElements(RemoteWebDriver.java:398)
	at com.cognizant.cognizantits.engine.drivers.AutomationObject.lambda$0(AutomationObject.java:312)
	at org.openqa.selenium.support.ui.FluentWait.until(FluentWait.java:209)
	at com.cognizant.cognizantits.engine.drivers.AutomationObject.getElements(AutomationObject.java:303)
	at com.cognizant.cognizantits.engine.drivers.AutomationObject.getWElements(AutomationObject.java:255)
	at com.cognizant.cognizantits.engine.drivers.AutomationObject.findElements(AutomationObject.java:242)
	at com.cognizant.cognizantits.engine.drivers.AutomationObject.findElement(AutomationObject.java:118)
	at com.cognizant.cognizantits.engine.drivers.AutomationObject.findElement(AutomationObject.java:111)
	at com.cognizant.cognizantits.engine.core.CommandControl.sync(CommandControl.java:93)
	at com.cognizant.cognizantits.engine.core.CommandControl.sync(CommandControl.java:170)
	at com.cognizant.cognizantits.engine.execution.run.TestStepRunner.executeStep(TestStepRunner.java:143)
	at com.cognizant.cognizantits.engine.execution.run.TestStepRunner.executeStep(TestStepRunner.java:132)
	at com.cognizant.cognizantits.engine.execution.run.TestStepRunner.run(TestStepRunner.java:60)
	at com.cognizant.cognizantits.engine.execution.run.TestCaseRunner.runStep(TestCaseRunner.java:376)
	at com.cognizant.cognizantits.engine.execution.run.TestCaseRunner.run(TestCaseRunner.java:334)
	at com.cognizant.cognizantits.engine.core.Task.runIteration(Task.java:123)
	at com.cognizant.cognizantits.engine.core.Task.run(Task.java:79)
	at java.util.concurrent.ThreadPoolExecutor.runWorker(Unknown Source)
	at java.util.concurrent.ThreadPoolExecutor$Worker.run(Unknown Source)
	at java.lang.Thread.run(Unknown Source)

Couldn't find Object 'NewCustomerObject' in stipulated Time '10' Seconds
[PASS]   | Page Element[NewCustomerObject] is not enabled- trying again- Trying again

===================================================================================================

Couldn't take ScreenShot Driver is closed or connection is lost with driver
[PASS]   | Page Element[NewCustomerObject] is not enabled- trying again- Trying again

===================================================================================================

Couldn't take ScreenShot Driver is closed or connection is lost with driver
[PASS]   | Page Element[NewCustomerObject] is not enabled- trying again- Trying again

===================================================================================================

Couldn't take ScreenShot Driver is closed or connection is lost with driver
[PASS]   | Page Element[NewCustomerObject] is not enabled- trying again- Trying again

===================================================================================================

Couldn't take ScreenShot Driver is closed or connection is lost with driver
[PASS]   | Page Element[NewCustomerObject] is not enabled- trying again- Trying again

===================================================================================================

Couldn't take ScreenShot Driver is closed or connection is lost with driver
[PASS]   | Page Element[NewCustomerObject] is not enabled- trying again- Trying again

===================================================================================================

Couldn't take ScreenShot Driver is closed or connection is lost with driver
[PASS]   | Page Element[NewCustomerObject] is not enabled- trying again- Trying again

===================================================================================================

Couldn't take ScreenShot Driver is closed or connection is lost with driver
2017-08-02 07:15:11:08S -0400 [SEVERE] com.cognizant.cognizantits.engine.execution.run.TestCaseRunner onError:org.openqa.selenium.TimeoutException: Expected condition failed: waiting for com.cognizant.cognizantits.engine.custommethods.CustomMethods$4@5f8c2b (tried for 30 second(s) with 1 SECONDS interval)
Build info: version: '3.4.0', revision: 'unknown', time: 'unknown'
System info: host: 'A5DAFC-W7A-0011', ip: '10.43.137.79', os.name: 'Windows 7', os.arch: 'x86', os.version: '6.1', java.version: '1.8.0_92'
Driver info: driver.version: unknown
org.openqa.selenium.TimeoutException: Expected condition failed: waiting for com.cognizant.cognizantits.engine.custommethods.CustomMethods$4@5f8c2b (tried for 30 second(s) with 1 SECONDS interval)
Build info: version: '3.4.0', revision: 'unknown', time: 'unknown'
System info: host: 'A5DAFC-W7A-0011', ip: '10.43.137.79', os.name: 'Windows 7', os.arch: 'x86', os.version: '6.1', java.version: '1.8.0_92'
Driver info: driver.version: unknown
	at org.openqa.selenium.support.ui.FluentWait.timeoutException(FluentWait.java:264)
	at org.openqa.selenium.support.ui.FluentWait.until(FluentWait.java:232)
	at com.cognizant.cognizantits.engine.custommethods.CustomMethods.isEnabledByFluentWait(CustomMethods.java:112)
	at com.cognizant.cognizantits.engine.custommethods.CustomMethods.ClickObjectByFluentWait(CustomMethods.java:30)
	at com.cognizant.cognizantits.engine.support.reflect.MethodExecutor.executeMethod(MethodExecutor.java:39)
	at com.cognizant.cognizantits.engine.execution.run.TestStepRunner.executeAction(TestStepRunner.java:148)
	at com.cognizant.cognizantits.engine.execution.run.TestStepRunner.executeStep(TestStepRunner.java:144)
	at com.cognizant.cognizantits.engine.execution.run.TestStepRunner.executeStep(TestStepRunner.java:132)
	at com.cognizant.cognizantits.engine.execution.run.TestStepRunner.run(TestStepRunner.java:60)
	at com.cognizant.cognizantits.engine.execution.run.TestCaseRunner.runStep(TestCaseRunner.java:376)
	at com.cognizant.cognizantits.engine.execution.run.TestCaseRunner.run(TestCaseRunner.java:334)
	at com.cognizant.cognizantits.engine.core.Task.runIteration(Task.java:123)
	at com.cognizant.cognizantits.engine.core.Task.run(Task.java:79)
	at java.util.concurrent.ThreadPoolExecutor.runWorker(Unknown Source)
	at java.util.concurrent.ThreadPoolExecutor$Worker.run(Unknown Source)
	at java.lang.Thread.run(Unknown Source)

[FAIL]   | org.openqa.selenium.TimeoutException: Expected condition failed: waiting for com.cognizant.cognizantits.engine.custommethods.CustomMethods$4@5f8c2b (tried for 30 second(s) with 1 SECONDS interval)
Build info: version: '3.4.0', revision: 'unknown', time: 'unknown'
System info: host: 'A5DAFC-W7A-0011', ip: '10.43.137.79', os.name: 'Windows 7', os.arch: 'x86', os.version: '6.1', java.version: '1.8.0_92'
Driver info: driver.version: unknown

===================================================================================================

Couldn't take ScreenShot Driver is closed or connection is lost with driver

---------------------------------------------------
Testcase Name        : Automobile:InsuredInformation
Executed Steps       : 8
Passed Steps         : 7
Failed Steps         : 1
Time Taken           : 00:01:00
-----------------------------------------------------

Run Finished on Wed Aug 02 07:15:16 EDT 2017
-----------------------------------------------------
ExecutionDate        : 02-Aug-2017 07-14-16
Executed TestCases   : 1
Passed TestCases     : 0
Failed TestCases     : 1
Time Taken           : 00:01:00
ReportPath           : file:///C:\Users\bpstestr\Desktop\cognizant-intelligent-test-scripter-1.0-setup\cognizant-intelligent-test-scripter-1.0\Projects\AgencyPortal\Results\TestDesign\Automobile\InsuredInformation\02-Aug-2017 07-14-16\summary.html
-----------------------------------------------------
