Run Information
========================
cognizant.intelligent.test.scripter.engine : 1.0
java.runtime.name    : Java(TM) SE Runtime Environment
java.version         : 1.8.0_92
java.home            : C:\Program Files\Java\jre1.8.0_92
os.name              : Windows 7
os.arch              : x86
os.version           : 6.1
file.encoding        : UTF-8
========================
Run Started on Wed Aug 02 02:30:30 EDT 2017
Loading Browser Profile
Loading RunManager
[Scenario:Automobile] [TestCase: InsuredInformation] [Description: Test Run] [Browser: Chrome] [BrowserVersion: default] [Platform: ANY][ExistingBrowser: false]
Initializing Report
ApiLink not available!!
Shutting Down Thread as there is no need for SelectiveThreading
Running Iteration 1
Launching Chrome
Launching Local Driver
Starting ChromeDriver 2.30.477700 (0057494ad8732195794a7b32078424f92a5fce41) on port 4164
Only local connections are allowed.
2017-08-02 02:30:41:08S -0400 [INFO] org.openqa.selenium.remote.ProtocolHandshake createSession:Detected dialect: OSS
Chrome Launched
Step:1   | Object: NewCustomerObject | Action: Click | Input:  | Conditon:  | @02-Aug-2017 02:30:41.041
2017-08-02 02:30:51:08S -0400 [OFF ] com.cognizant.cognizantits.engine.drivers.AutomationObject getElements:null
org.openqa.selenium.TimeoutException: Expected condition failed: waiting for com.cognizant.cognizantits.engine.drivers.AutomationObject$$Lambda$322/25924425@124681e (tried for 10 second(s) with 500 MILLISECONDS interval)
Build info: version: '3.4.0', revision: 'unknown', time: 'unknown'
System info: host: 'A5DAFC-W7A-0011', ip: '10.43.137.79', os.name: 'Windows 7', os.arch: 'x86', os.version: '6.1', java.version: '1.8.0_92'
Driver info: org.openqa.selenium.chrome.ChromeDriver
Capabilities [{applicationCacheEnabled=false, rotatable=false, mobileEmulationEnabled=false, networkConnectionEnabled=false, chrome={chromedriverVersion=2.30.477700 (0057494ad8732195794a7b32078424f92a5fce41), userDataDir=C:\Users\bpstestr\AppData\Local\Temp\scoped_dir9112_18856}, takesHeapSnapshot=true, pageLoadStrategy=normal, databaseEnabled=false, handlesAlerts=true, hasTouchScreen=false, version=58.0.3029.110, platform=XP, browserConnectionEnabled=false, nativeEvents=true, acceptSslCerts=true, locationContextEnabled=true, webStorageEnabled=true, browserName=chrome, takesScreenshot=true, javascriptEnabled=true, cssSelectorsEnabled=true, unexpectedAlertBehaviour=}]
Session ID: c444ad641d9c583b38e039d38a279b19
	at org.openqa.selenium.support.ui.WebDriverWait.timeoutException(WebDriverWait.java:80)
	at org.openqa.selenium.support.ui.FluentWait.until(FluentWait.java:232)
	at com.cognizant.cognizantits.engine.drivers.AutomationObject.getElements(AutomationObject.java:303)
	at com.cognizant.cognizantits.engine.drivers.AutomationObject.getWElements(AutomationObject.java:255)
	at com.cognizant.cognizantits.engine.drivers.AutomationObject.findElements(AutomationObject.java:242)
	at com.cognizant.cognizantits.engine.drivers.AutomationObject.findElement(AutomationObject.java:118)
	at com.cognizant.cognizantits.engine.drivers.AutomationObject.findElement(AutomationObject.java:111)
	at com.cognizant.cognizantits.engine.core.CommandControl.sync(CommandControl.java:93)
	at com.cognizant.cognizantits.engine.core.CommandControl.sync(CommandControl.java:170)
	at com.cognizant.cognizantits.engine.execution.run.TestStepRunner.executeStep(TestStepRunner.java:143)
	at com.cognizant.cognizantits.engine.execution.run.TestStepRunner.executeStep(TestStepRunner.java:132)
	at com.cognizant.cognizantits.engine.execution.run.TestStepRunner.run(TestStepRunner.java:60)
	at com.cognizant.cognizantits.engine.execution.run.TestCaseRunner.runStep(TestCaseRunner.java:376)
	at com.cognizant.cognizantits.engine.execution.run.TestCaseRunner.run(TestCaseRunner.java:334)
	at com.cognizant.cognizantits.engine.core.Task.runIteration(Task.java:123)
	at com.cognizant.cognizantits.engine.core.Task.run(Task.java:79)
	at java.util.concurrent.ThreadPoolExecutor.runWorker(Unknown Source)
	at java.util.concurrent.ThreadPoolExecutor$Worker.run(Unknown Source)
	at java.lang.Thread.run(Unknown Source)

Couldn't find Object 'NewCustomerObject' in stipulated Time '10' Seconds
2017-08-02 02:30:51:08S -0400 [SEVERE] com.cognizant.cognizantits.engine.execution.run.TestCaseRunner onError:com.cognizant.cognizantits.engine.execution.exception.element.ElementException: Seems Like the Element [NewCustomerObject] is Not Present/Found in the page Try Adding wait or heal it
com.cognizant.cognizantits.engine.execution.exception.element.ElementException: Seems Like the Element [NewCustomerObject] is Not Present/Found in the page Try Adding wait or heal it
	at com.cognizant.cognizantits.engine.commands.General.elementDisplayed(General.java:57)
	at com.cognizant.cognizantits.engine.commands.General.elementEnabled(General.java:63)
	at com.cognizant.cognizantits.engine.commands.Basic.Click(Basic.java:45)
	at com.cognizant.cognizantits.engine.support.reflect.MethodExecutor.executeMethod(MethodExecutor.java:39)
	at com.cognizant.cognizantits.engine.execution.run.TestStepRunner.executeAction(TestStepRunner.java:148)
	at com.cognizant.cognizantits.engine.execution.run.TestStepRunner.executeStep(TestStepRunner.java:144)
	at com.cognizant.cognizantits.engine.execution.run.TestStepRunner.executeStep(TestStepRunner.java:132)
	at com.cognizant.cognizantits.engine.execution.run.TestStepRunner.run(TestStepRunner.java:60)
	at com.cognizant.cognizantits.engine.execution.run.TestCaseRunner.runStep(TestCaseRunner.java:376)
	at com.cognizant.cognizantits.engine.execution.run.TestCaseRunner.run(TestCaseRunner.java:334)
	at com.cognizant.cognizantits.engine.core.Task.runIteration(Task.java:123)
	at com.cognizant.cognizantits.engine.core.Task.run(Task.java:79)
	at java.util.concurrent.ThreadPoolExecutor.runWorker(Unknown Source)
	at java.util.concurrent.ThreadPoolExecutor$Worker.run(Unknown Source)
	at java.lang.Thread.run(Unknown Source)

[FAIL]   | com.cognizant.cognizantits.engine.execution.exception.element.ElementException: Seems Like the Element [NewCustomerObject] is Not Present/Found in the page Try Adding wait or heal it

===================================================================================================

Step:2   | Object: Customer Search | Action: Set | Input: @create new customer number | Conditon:  | @02-Aug-2017 02:30:52.052
2017-08-02 02:31:04:08S -0400 [OFF ] com.cognizant.cognizantits.engine.drivers.AutomationObject getElements:null
org.openqa.selenium.WebDriverException: chrome not reachable
  (Session info: chrome=58.0.3029.110)
  (Driver info: chromedriver=2.30.477700 (0057494ad8732195794a7b32078424f92a5fce41),platform=Windows NT 6.1.7601 SP1 x86) (WARNING: The server did not provide any stacktrace information)
Command duration or timeout: 4.12 seconds
Build info: version: '3.4.0', revision: 'unknown', time: 'unknown'
System info: host: 'A5DAFC-W7A-0011', ip: '10.43.137.79', os.name: 'Windows 7', os.arch: 'x86', os.version: '6.1', java.version: '1.8.0_92'
Driver info: org.openqa.selenium.chrome.ChromeDriver
Capabilities [{applicationCacheEnabled=false, rotatable=false, mobileEmulationEnabled=false, networkConnectionEnabled=false, chrome={chromedriverVersion=2.30.477700 (0057494ad8732195794a7b32078424f92a5fce41), userDataDir=C:\Users\bpstestr\AppData\Local\Temp\scoped_dir9112_18856}, takesHeapSnapshot=true, pageLoadStrategy=normal, databaseEnabled=false, handlesAlerts=true, hasTouchScreen=false, version=58.0.3029.110, platform=XP, browserConnectionEnabled=false, nativeEvents=true, acceptSslCerts=true, locationContextEnabled=true, webStorageEnabled=true, browserName=chrome, takesScreenshot=true, javascriptEnabled=true, cssSelectorsEnabled=true, unexpectedAlertBehaviour=}]
Session ID: c444ad641d9c583b38e039d38a279b19
*** Element info: {Using=id, value=s2id_autogen2_search}
	at sun.reflect.NativeConstructorAccessorImpl.newInstance0(Native Method)
	at sun.reflect.NativeConstructorAccessorImpl.newInstance(Unknown Source)
	at sun.reflect.DelegatingConstructorAccessorImpl.newInstance(Unknown Source)
	at java.lang.reflect.Constructor.newInstance(Unknown Source)
	at org.openqa.selenium.remote.ErrorHandler.createThrowable(ErrorHandler.java:215)
	at org.openqa.selenium.remote.ErrorHandler.throwIfResponseFailed(ErrorHandler.java:167)
	at org.openqa.selenium.remote.RemoteWebDriver.execute(RemoteWebDriver.java:671)
	at org.openqa.selenium.remote.RemoteWebDriver.findElements(RemoteWebDriver.java:437)
	at org.openqa.selenium.remote.RemoteWebDriver.findElementsById(RemoteWebDriver.java:457)
	at org.openqa.selenium.By$ById.findElements(By.java:210)
	at org.openqa.selenium.remote.RemoteWebDriver.findElements(RemoteWebDriver.java:398)
	at com.cognizant.cognizantits.engine.drivers.AutomationObject.lambda$0(AutomationObject.java:312)
	at org.openqa.selenium.support.ui.FluentWait.until(FluentWait.java:209)
	at com.cognizant.cognizantits.engine.drivers.AutomationObject.getElements(AutomationObject.java:303)
	at com.cognizant.cognizantits.engine.drivers.AutomationObject.getWElements(AutomationObject.java:255)
	at com.cognizant.cognizantits.engine.drivers.AutomationObject.findElements(AutomationObject.java:242)
	at com.cognizant.cognizantits.engine.drivers.AutomationObject.findElement(AutomationObject.java:118)
	at com.cognizant.cognizantits.engine.drivers.AutomationObject.findElement(AutomationObject.java:111)
	at com.cognizant.cognizantits.engine.core.CommandControl.sync(CommandControl.java:93)
	at com.cognizant.cognizantits.engine.core.CommandControl.sync(CommandControl.java:170)
	at com.cognizant.cognizantits.engine.execution.run.TestStepRunner.executeStep(TestStepRunner.java:143)
	at com.cognizant.cognizantits.engine.execution.run.TestStepRunner.executeStep(TestStepRunner.java:132)
	at com.cognizant.cognizantits.engine.execution.run.TestStepRunner.run(TestStepRunner.java:60)
	at com.cognizant.cognizantits.engine.execution.run.TestCaseRunner.runStep(TestCaseRunner.java:376)
	at com.cognizant.cognizantits.engine.execution.run.TestCaseRunner.run(TestCaseRunner.java:334)
	at com.cognizant.cognizantits.engine.core.Task.runIteration(Task.java:123)
	at com.cognizant.cognizantits.engine.core.Task.run(Task.java:79)
	at java.util.concurrent.ThreadPoolExecutor.runWorker(Unknown Source)
	at java.util.concurrent.ThreadPoolExecutor$Worker.run(Unknown Source)
	at java.lang.Thread.run(Unknown Source)

Couldn't find Object 'Customer Search' in stipulated Time '10' Seconds
2017-08-02 02:31:08:08S -0400 [SEVERE] com.cognizant.cognizantits.engine.core.Task runIteration:Driver Chrome Closed / Could not be reached
com.cognizant.cognizantits.engine.execution.exception.DriverClosedException: Driver Chrome Closed / Could not be reached
	at com.cognizant.cognizantits.engine.drivers.SeleniumDriver.isAlive(SeleniumDriver.java:143)
	at com.cognizant.cognizantits.engine.commands.Command.isDriverAlive(Command.java:115)
	at com.cognizant.cognizantits.engine.commands.General.checkIfDriverIsAlive(General.java:37)
	at com.cognizant.cognizantits.engine.commands.General.elementPresent(General.java:45)
	at com.cognizant.cognizantits.engine.commands.General.elementDisplayed(General.java:56)
	at com.cognizant.cognizantits.engine.commands.General.elementEnabled(General.java:63)
	at com.cognizant.cognizantits.engine.commands.Basic.Set(Basic.java:97)
	at com.cognizant.cognizantits.engine.support.reflect.MethodExecutor.executeMethod(MethodExecutor.java:39)
	at com.cognizant.cognizantits.engine.execution.run.TestStepRunner.executeAction(TestStepRunner.java:148)
	at com.cognizant.cognizantits.engine.execution.run.TestStepRunner.executeStep(TestStepRunner.java:144)
	at com.cognizant.cognizantits.engine.execution.run.TestStepRunner.executeStep(TestStepRunner.java:132)
	at com.cognizant.cognizantits.engine.execution.run.TestStepRunner.run(TestStepRunner.java:60)
	at com.cognizant.cognizantits.engine.execution.run.TestCaseRunner.runStep(TestCaseRunner.java:376)
	at com.cognizant.cognizantits.engine.execution.run.TestCaseRunner.run(TestCaseRunner.java:334)
	at com.cognizant.cognizantits.engine.core.Task.runIteration(Task.java:123)
	at com.cognizant.cognizantits.engine.core.Task.run(Task.java:79)
	at java.util.concurrent.ThreadPoolExecutor.runWorker(Unknown Source)
	at java.util.concurrent.ThreadPoolExecutor$Worker.run(Unknown Source)
	at java.lang.Thread.run(Unknown Source)

[FAIL]   | Driver Chrome Closed / Could not be reached

===================================================================================================


---------------------------------------------------
Testcase Name        : Automobile:InsuredInformation
Executed Steps       : 2
Passed Steps         : 0
Failed Steps         : 2
Time Taken           : 00:00:39
-----------------------------------------------------

Run Finished on Wed Aug 02 02:31:10 EDT 2017
-----------------------------------------------------
ExecutionDate        : 02-Aug-2017 02-30-30
Executed TestCases   : 1
Passed TestCases     : 0
Failed TestCases     : 1
Time Taken           : 00:00:39
ReportPath           : file:///C:\Users\bpstestr\Desktop\cognizant-intelligent-test-scripter-1.0-setup\cognizant-intelligent-test-scripter-1.0\Projects\AgencyPortal\Results\TestDesign\Automobile\InsuredInformation\02-Aug-2017 02-30-30\summary.html
-----------------------------------------------------
